<?xml version="1.0" encoding="UTF-8"?>
<testsuite xmlns:xsi="http://www.w3.org/2001/XMLSchema-instance" xsi:noNamespaceSchemaLocation="https://maven.apache.org/surefire/maven-surefire-plugin/xsd/surefire-test-report.xsd" name="com.alibaba.csp.sentinel.dashboard.repository.metric.InMemoryMetricsRepositoryTest" time="1.597" tests="4" errors="0" skipped="0" failures="0">
  <properties>
[...]
</properties>
  <testcase name="testSave" classname="com.alibaba.csp.sentinel.dashboard.repository.metric.InMemoryMetricsRepositoryTest" time="0"/>
  <testcase name="testConcurrentPutAndGet" classname="com.alibaba.csp.sentinel.dashboard.repository.metric.InMemoryMetricsRepositoryTest" time="1.558"/>
  <testcase name="testSaveAll" classname="com.alibaba.csp.sentinel.dashboard.repository.metric.InMemoryMetricsRepositoryTest" time="0.035"/>
  <testcase name="testExpireMetric" classname="com.alibaba.csp.sentinel.dashboard.repository.metric.InMemoryMetricsRepositoryTest" time="0.004"/>
</testsuite>